{"C:\\Users\\matia\\OneDrive\\Documentos\\Desarrollo-de-Software\\React\\rest_api_node_ts_server\\src\\router.ts": {"path":"C:\\Users\\matia\\OneDrive\\Documentos\\Desarrollo-de-Software\\React\\rest_api_node_ts_server\\src\\router.ts","statementMap":{"0":{"start":{"line":1,"column":0},"end":{"line":1,"column":33}},"1":{"start":{"line":2,"column":0},"end":{"line":2,"column":48}},"2":{"start":{"line":3,"column":0},"end":{"line":3,"column":null}},"3":{"start":{"line":11,"column":0},"end":{"line":11,"column":49}},"4":{"start":{"line":13,"column":15},"end":{"line":13,"column":23}},"5":{"start":{"line":17,"column":0},"end":{"line":17,"column":29}},"6":{"start":{"line":19,"column":0},"end":{"line":24,"column":2}},"7":{"start":{"line":27,"column":0},"end":{"line":40,"column":2}},"8":{"start":{"line":34,"column":21},"end":{"line":34,"column":30}},"9":{"start":{"line":43,"column":0},"end":{"line":48,"column":2}},"10":{"start":{"line":51,"column":0},"end":{"line":62,"column":2}},"11":{"start":{"line":59,"column":21},"end":{"line":59,"column":30}},"12":{"start":{"line":65,"column":0},"end":{"line":70,"column":2}},"13":{"start":{"line":72,"column":0},"end":{"line":72,"column":22}}},"fnMap":{"0":{"name":"(anonymous_0)","decl":{"start":{"line":34,"column":10},"end":{"line":34,"column":11}},"loc":{"start":{"line":34,"column":21},"end":{"line":34,"column":30}}},"1":{"name":"(anonymous_1)","decl":{"start":{"line":59,"column":10},"end":{"line":59,"column":11}},"loc":{"start":{"line":59,"column":21},"end":{"line":59,"column":30}}}},"branchMap":{},"s":{"0":2,"1":2,"2":2,"3":2,"4":2,"5":2,"6":2,"7":2,"8":4,"9":2,"10":2,"11":3,"12":2,"13":2},"f":{"0":4,"1":3},"b":{}}
,"C:\\Users\\matia\\OneDrive\\Documentos\\Desarrollo-de-Software\\React\\rest_api_node_ts_server\\src\\server.ts": {"path":"C:\\Users\\matia\\OneDrive\\Documentos\\Desarrollo-de-Software\\React\\rest_api_node_ts_server\\src\\server.ts","statementMap":{"0":{"start":{"line":7,"column":0},"end":{"line":7,"column":7}},"1":{"start":{"line":1,"column":0},"end":{"line":1,"column":30}},"2":{"start":{"line":2,"column":0},"end":{"line":2,"column":30}},"3":{"start":{"line":3,"column":0},"end":{"line":3,"column":28}},"4":{"start":{"line":4,"column":0},"end":{"line":4,"column":29}},"5":{"start":{"line":8,"column":1},"end":{"line":17,"column":2}},"6":{"start":{"line":9,"column":2},"end":{"line":9,"column":26}},"7":{"start":{"line":10,"column":2},"end":{"line":10,"column":12}},"8":{"start":{"line":13,"column":2},"end":{"line":13,"column":21}},"9":{"start":{"line":14,"column":2},"end":{"line":16,"column":4}},"10":{"start":{"line":20,"column":0},"end":{"line":20,"column":12}},"11":{"start":{"line":22,"column":15},"end":{"line":22,"column":24}},"12":{"start":{"line":25,"column":0},"end":{"line":25,"column":27}},"13":{"start":{"line":27,"column":0},"end":{"line":27,"column":36}},"14":{"start":{"line":29,"column":0},"end":{"line":29,"column":22}}},"fnMap":{"0":{"name":"connectDB","decl":{"start":{"line":7,"column":22},"end":{"line":7,"column":31}},"loc":{"start":{"line":7,"column":31},"end":{"line":18,"column":1}}}},"branchMap":{},"s":{"0":2,"1":2,"2":2,"3":2,"4":2,"5":3,"6":3,"7":2,"8":1,"9":1,"10":2,"11":2,"12":2,"13":2,"14":2},"f":{"0":3},"b":{}}
,"C:\\Users\\matia\\OneDrive\\Documentos\\Desarrollo-de-Software\\React\\rest_api_node_ts_server\\src\\config\\db.ts": {"path":"C:\\Users\\matia\\OneDrive\\Documentos\\Desarrollo-de-Software\\React\\rest_api_node_ts_server\\src\\config\\db.ts","statementMap":{"0":{"start":{"line":1,"column":0},"end":{"line":1,"column":49}},"1":{"start":{"line":2,"column":0},"end":{"line":2,"column":28}},"2":{"start":{"line":3,"column":0},"end":{"line":3,"column":16}},"3":{"start":{"line":5,"column":11},"end":{"line":13,"column":2}},"4":{"start":{"line":15,"column":0},"end":{"line":15,"column":18}}},"fnMap":{},"branchMap":{},"s":{"0":2,"1":2,"2":2,"3":2,"4":2},"f":{},"b":{}}
,"C:\\Users\\matia\\OneDrive\\Documentos\\Desarrollo-de-Software\\React\\rest_api_node_ts_server\\src\\handlers\\product.ts": {"path":"C:\\Users\\matia\\OneDrive\\Documentos\\Desarrollo-de-Software\\React\\rest_api_node_ts_server\\src\\handlers\\product.ts","statementMap":{"0":{"start":{"line":2,"column":0},"end":{"line":2,"column":46}},"1":{"start":{"line":4,"column":27},"end":{"line":11,"column":1}},"2":{"start":{"line":5,"column":18},"end":{"line":7,"column":3}},"3":{"start":{"line":8,"column":1},"end":{"line":10,"column":4}},"4":{"start":{"line":4,"column":13},"end":{"line":4,"column":27}},"5":{"start":{"line":13,"column":30},"end":{"line":29,"column":1}},"6":{"start":{"line":14,"column":16},"end":{"line":14,"column":26}},"7":{"start":{"line":16,"column":17},"end":{"line":18,"column":3}},"8":{"start":{"line":20,"column":1},"end":{"line":24,"column":2}},"9":{"start":{"line":21,"column":2},"end":{"line":23,"column":5}},"10":{"start":{"line":26,"column":1},"end":{"line":28,"column":4}},"11":{"start":{"line":13,"column":13},"end":{"line":13,"column":30}},"12":{"start":{"line":31,"column":29},"end":{"line":51,"column":1}},"13":{"start":{"line":32,"column":16},"end":{"line":32,"column":26}},"14":{"start":{"line":34,"column":17},"end":{"line":36,"column":3}},"15":{"start":{"line":38,"column":1},"end":{"line":42,"column":2}},"16":{"start":{"line":39,"column":2},"end":{"line":41,"column":5}},"17":{"start":{"line":45,"column":1},"end":{"line":45,"column":32}},"18":{"start":{"line":46,"column":1},"end":{"line":46,"column":22}},"19":{"start":{"line":48,"column":1},"end":{"line":50,"column":4}},"20":{"start":{"line":31,"column":13},"end":{"line":31,"column":29}},"21":{"start":{"line":53,"column":34},"end":{"line":72,"column":1}},"22":{"start":{"line":54,"column":16},"end":{"line":54,"column":26}},"23":{"start":{"line":56,"column":17},"end":{"line":58,"column":3}},"24":{"start":{"line":60,"column":1},"end":{"line":64,"column":2}},"25":{"start":{"line":61,"column":2},"end":{"line":63,"column":5}},"26":{"start":{"line":67,"column":1},"end":{"line":67,"column":51}},"27":{"start":{"line":68,"column":1},"end":{"line":68,"column":22}},"28":{"start":{"line":69,"column":1},"end":{"line":71,"column":4}},"29":{"start":{"line":53,"column":13},"end":{"line":53,"column":34}},"30":{"start":{"line":74,"column":29},"end":{"line":84,"column":1}},"31":{"start":{"line":79,"column":17},"end":{"line":79,"column":47}},"32":{"start":{"line":81,"column":1},"end":{"line":83,"column":4}},"33":{"start":{"line":74,"column":13},"end":{"line":74,"column":29}},"34":{"start":{"line":86,"column":29},"end":{"line":104,"column":1}},"35":{"start":{"line":87,"column":16},"end":{"line":87,"column":26}},"36":{"start":{"line":89,"column":17},"end":{"line":91,"column":3}},"37":{"start":{"line":93,"column":1},"end":{"line":97,"column":2}},"38":{"start":{"line":94,"column":2},"end":{"line":96,"column":5}},"39":{"start":{"line":99,"column":1},"end":{"line":99,"column":25}},"40":{"start":{"line":101,"column":1},"end":{"line":103,"column":4}},"41":{"start":{"line":86,"column":13},"end":{"line":86,"column":29}}},"fnMap":{"0":{"name":"(anonymous_1)","decl":{"start":{"line":4,"column":27},"end":{"line":4,"column":32}},"loc":{"start":{"line":4,"column":65},"end":{"line":11,"column":1}}},"1":{"name":"(anonymous_2)","decl":{"start":{"line":13,"column":30},"end":{"line":13,"column":35}},"loc":{"start":{"line":13,"column":68},"end":{"line":29,"column":1}}},"2":{"name":"(anonymous_3)","decl":{"start":{"line":31,"column":29},"end":{"line":31,"column":34}},"loc":{"start":{"line":31,"column":67},"end":{"line":51,"column":1}}},"3":{"name":"(anonymous_4)","decl":{"start":{"line":53,"column":34},"end":{"line":53,"column":39}},"loc":{"start":{"line":53,"column":72},"end":{"line":72,"column":1}}},"4":{"name":"(anonymous_5)","decl":{"start":{"line":74,"column":29},"end":{"line":74,"column":34}},"loc":{"start":{"line":74,"column":67},"end":{"line":84,"column":1}}},"5":{"name":"(anonymous_6)","decl":{"start":{"line":86,"column":29},"end":{"line":86,"column":34}},"loc":{"start":{"line":86,"column":67},"end":{"line":104,"column":1}}}},"branchMap":{"0":{"loc":{"start":{"line":20,"column":1},"end":{"line":24,"column":2}},"type":"if","locations":[{"start":{"line":20,"column":1},"end":{"line":24,"column":2}}]},"1":{"loc":{"start":{"line":38,"column":1},"end":{"line":42,"column":2}},"type":"if","locations":[{"start":{"line":38,"column":1},"end":{"line":42,"column":2}}]},"2":{"loc":{"start":{"line":60,"column":1},"end":{"line":64,"column":2}},"type":"if","locations":[{"start":{"line":60,"column":1},"end":{"line":64,"column":2}}]},"3":{"loc":{"start":{"line":93,"column":1},"end":{"line":97,"column":2}},"type":"if","locations":[{"start":{"line":93,"column":1},"end":{"line":97,"column":2}}]}},"s":{"0":2,"1":2,"2":2,"3":2,"4":2,"5":2,"6":2,"7":2,"8":2,"9":1,"10":1,"11":2,"12":2,"13":1,"14":1,"15":1,"16":1,"17":0,"18":0,"19":0,"20":2,"21":2,"22":2,"23":2,"24":2,"25":1,"26":1,"27":1,"28":1,"29":2,"30":2,"31":1,"32":1,"33":2,"34":2,"35":2,"36":2,"37":2,"38":1,"39":1,"40":1,"41":2},"f":{"0":2,"1":2,"2":1,"3":2,"4":1,"5":2},"b":{"0":[1],"1":[1],"2":[1],"3":[1]}}
,"C:\\Users\\matia\\OneDrive\\Documentos\\Desarrollo-de-Software\\React\\rest_api_node_ts_server\\src\\middleware\\index.ts": {"path":"C:\\Users\\matia\\OneDrive\\Documentos\\Desarrollo-de-Software\\React\\rest_api_node_ts_server\\src\\middleware\\index.ts","statementMap":{"0":{"start":{"line":2,"column":0},"end":{"line":2,"column":53}},"1":{"start":{"line":4,"column":33},"end":{"line":14,"column":1}},"2":{"start":{"line":9,"column":14},"end":{"line":9,"column":35}},"3":{"start":{"line":10,"column":1},"end":{"line":12,"column":2}},"4":{"start":{"line":11,"column":2},"end":{"line":11,"column":58}},"5":{"start":{"line":13,"column":1},"end":{"line":13,"column":8}},"6":{"start":{"line":4,"column":13},"end":{"line":4,"column":33}}},"fnMap":{"0":{"name":"(anonymous_0)","decl":{"start":{"line":4,"column":33},"end":{"line":4,"column":null}},"loc":{"start":{"line":8,"column":4},"end":{"line":14,"column":1}}}},"branchMap":{"0":{"loc":{"start":{"line":10,"column":1},"end":{"line":12,"column":2}},"type":"if","locations":[{"start":{"line":10,"column":1},"end":{"line":12,"column":2}}]}},"s":{"0":2,"1":2,"2":15,"3":15,"4":7,"5":8,"6":2},"f":{"0":15},"b":{"0":[7]}}
,"C:\\Users\\matia\\OneDrive\\Documentos\\Desarrollo-de-Software\\React\\rest_api_node_ts_server\\src\\models\\Product.model.ts": {"path":"C:\\Users\\matia\\OneDrive\\Documentos\\Desarrollo-de-Software\\React\\rest_api_node_ts_server\\src\\models\\Product.model.ts","statementMap":{"0":{"start":{"line":1,"column":0},"end":{"line":1,"column":79}},"1":{"start":{"line":6,"column":0},"end":{"line":22,"column":null}},"2":{"start":{"line":10,"column":9},"end":{"line":10,"column":null}},"3":{"start":{"line":15,"column":9},"end":{"line":15,"column":null}},"4":{"start":{"line":21,"column":9},"end":{"line":21,"column":null}},"5":{"start":{"line":6,"column":6},"end":{"line":22,"column":null}},"6":{"start":{"line":24,"column":0},"end":{"line":24,"column":23}}},"fnMap":{},"branchMap":{},"s":{"0":3,"1":3,"2":3,"3":3,"4":3,"5":3,"6":3},"f":{},"b":{}}
}
