TN:
SF:src\router.ts
FN:34,(anonymous_0)
FN:59,(anonymous_1)
FNF:2
FNH:2
FNDA:4,(anonymous_0)
FNDA:3,(anonymous_1)
DA:1,2
DA:2,2
DA:3,2
DA:11,2
DA:13,2
DA:17,2
DA:19,2
DA:27,2
DA:34,4
DA:43,2
DA:51,2
DA:59,3
DA:65,2
DA:72,2
LF:14
LH:14
BRF:0
BRH:0
end_of_record
TN:
SF:src\server.ts
FN:7,connectDB
FNF:1
FNH:1
FNDA:3,connectDB
DA:1,2
DA:2,2
DA:3,2
DA:4,2
DA:7,2
DA:8,3
DA:9,3
DA:10,2
DA:13,1
DA:14,1
DA:20,2
DA:22,2
DA:25,2
DA:27,2
DA:29,2
LF:15
LH:15
BRF:0
BRH:0
end_of_record
TN:
SF:src\config\db.ts
FNF:0
FNH:0
DA:1,2
DA:2,2
DA:3,2
DA:5,2
DA:15,2
LF:5
LH:5
BRF:0
BRH:0
end_of_record
TN:
SF:src\handlers\product.ts
FN:4,(anonymous_1)
FN:13,(anonymous_2)
FN:31,(anonymous_3)
FN:53,(anonymous_4)
FN:74,(anonymous_5)
FN:86,(anonymous_6)
FNF:6
FNH:6
FNDA:2,(anonymous_1)
FNDA:2,(anonymous_2)
FNDA:1,(anonymous_3)
FNDA:2,(anonymous_4)
FNDA:1,(anonymous_5)
FNDA:2,(anonymous_6)
DA:2,2
DA:4,2
DA:5,2
DA:8,2
DA:13,2
DA:14,2
DA:16,2
DA:20,2
DA:21,1
DA:26,1
DA:31,2
DA:32,1
DA:34,1
DA:38,1
DA:39,1
DA:45,0
DA:46,0
DA:48,0
DA:53,2
DA:54,2
DA:56,2
DA:60,2
DA:61,1
DA:67,1
DA:68,1
DA:69,1
DA:74,2
DA:79,1
DA:81,1
DA:86,2
DA:87,2
DA:89,2
DA:93,2
DA:94,1
DA:99,1
DA:101,1
LF:36
LH:33
BRDA:20,0,0,1
BRDA:38,1,0,1
BRDA:60,2,0,1
BRDA:93,3,0,1
BRF:4
BRH:4
end_of_record
TN:
SF:src\middleware\index.ts
FN:4,(anonymous_0)
FNF:1
FNH:1
FNDA:15,(anonymous_0)
DA:2,2
DA:4,2
DA:9,15
DA:10,15
DA:11,7
DA:13,8
LF:6
LH:6
BRDA:10,0,0,7
BRF:1
BRH:1
end_of_record
TN:
SF:src\models\Product.model.ts
FNF:0
FNH:0
DA:1,3
DA:6,3
DA:10,3
DA:15,3
DA:21,3
DA:24,3
LF:6
LH:6
BRF:0
BRH:0
end_of_record
